<?xml version="1.0" encoding="UTF-8"?>
<testsuite xmlns:xsi="http://www.w3.org/2001/XMLSchema-instance" xsi:noNamespaceSchemaLocation="https://maven.apache.org/surefire/maven-surefire-plugin/xsd/surefire-test-report-3.0.xsd" version="3.0" name="validation.PasswordValidatorTest" time="0.004" tests="2" errors="0" skipped="0" failures="0">
  <properties>
    <property name="java.specification.version" value="21"/>
    <property name="sun.jnu.encoding" value="UTF-8"/>
    <property name="java.class.path" value="/Users/sasamezo/Documents/TimelessArtFolder/Backend/TimelessArt_Backend/timelessArt/target/test-classes:/Users/sasamezo/Documents/TimelessArtFolder/Backend/TimelessArt_Backend/timelessArt/target/classes:/Users/sasamezo/.m2/repository/jakarta/json/bind/jakarta.json.bind-api/3.0.0/jakarta.json.bind-api-3.0.0.jar:/Users/sasamezo/.m2/repository/org/eclipse/yasson/3.0.3/yasson-3.0.3.jar:/Users/sasamezo/.m2/repository/jakarta/json/jakarta.json-api/2.1.3/jakarta.json-api-2.1.3.jar:/Users/sasamezo/.m2/repository/org/eclipse/parsson/parsson/1.1.6/parsson-1.1.6.jar:/Users/sasamezo/.m2/repository/io/quarkus/quarkus-flyway/3.12.3/quarkus-flyway-3.12.3.jar:/Users/sasamezo/.m2/repository/io/quarkus/quarkus-core/3.12.3/quarkus-core-3.12.3.jar:/Users/sasamezo/.m2/repository/jakarta/enterprise/jakarta.enterprise.cdi-api/4.1.0/jakarta.enterprise.cdi-api-4.1.0.jar:/Users/sasamezo/.m2/repository/jakarta/enterprise/jakarta.enterprise.lang-model/4.1.0/jakarta.enterprise.lang-model-4.1.0.jar:/Users/sasamezo/.m2/repository/jakarta/el/jakarta.el-api/5.0.1/jakarta.el-api-5.0.1.jar:/Users/sasamezo/.m2/repository/jakarta/inject/jakarta.inject-api/2.0.1/jakarta.inject-api-2.0.1.jar:/Users/sasamezo/.m2/repository/io/smallrye/common/smallrye-common-os/2.3.0/smallrye-common-os-2.3.0.jar:/Users/sasamezo/.m2/repository/io/quarkus/quarkus-ide-launcher/3.12.3/quarkus-ide-launcher-3.12.3.jar:/Users/sasamezo/.m2/repository/io/quarkus/quarkus-development-mode-spi/3.12.3/quarkus-development-mode-spi-3.12.3.jar:/Users/sasamezo/.m2/repository/io/smallrye/config/smallrye-config/3.8.3/smallrye-config-3.8.3.jar:/Users/sasamezo/.m2/repository/io/smallrye/config/smallrye-config-core/3.8.3/smallrye-config-core-3.8.3.jar:/Users/sasamezo/.m2/repository/io/smallrye/common/smallrye-common-classloader/2.3.0/smallrye-common-classloader-2.3.0.jar:/Users/sasamezo/.m2/repository/io/smallrye/config/smallrye-config-common/3.8.3/smallrye-config-common-3.8.3.jar:/Users/sasamezo/.m2/repository/org/jboss/logging/jboss-logging/3.6.0.Final/jboss-logging-3.6.0.Final.jar:/Users/sasamezo/.m2/repository/org/jboss/logmanager/jboss-logmanager/3.0.6.Final/jboss-logmanager-3.0.6.Final.jar:/Users/sasamezo/.m2/repository/io/smallrye/common/smallrye-common-constraint/2.3.0/smallrye-common-constraint-2.3.0.jar:/Users/sasamezo/.m2/repository/io/smallrye/common/smallrye-common-cpu/2.3.0/smallrye-common-cpu-2.3.0.jar:/Users/sasamezo/.m2/repository/io/smallrye/common/smallrye-common-expression/2.3.0/smallrye-common-expression-2.3.0.jar:/Users/sasamezo/.m2/repository/io/smallrye/common/smallrye-common-function/2.3.0/smallrye-common-function-2.3.0.jar:/Users/sasamezo/.m2/repository/io/smallrye/common/smallrye-common-net/2.3.0/smallrye-common-net-2.3.0.jar:/Users/sasamezo/.m2/repository/io/smallrye/common/smallrye-common-ref/2.3.0/smallrye-common-ref-2.3.0.jar:/Users/sasamezo/.m2/repository/org/jboss/logging/jboss-logging-annotations/2.2.1.Final/jboss-logging-annotations-2.2.1.Final.jar:/Users/sasamezo/.m2/repository/org/jboss/threads/jboss-threads/3.6.1.Final/jboss-threads-3.6.1.Final.jar:/Users/sasamezo/.m2/repository/org/slf4j/slf4j-api/2.0.6/slf4j-api-2.0.6.jar:/Users/sasamezo/.m2/repository/org/jboss/slf4j/slf4j-jboss-logmanager/2.0.0.Final/slf4j-jboss-logmanager-2.0.0.Final.jar:/Users/sasamezo/.m2/repository/org/wildfly/common/wildfly-common/1.7.0.Final/wildfly-common-1.7.0.Final.jar:/Users/sasamezo/.m2/repository/io/quarkus/quarkus-bootstrap-runner/3.12.3/quarkus-bootstrap-runner-3.12.3.jar:/Users/sasamezo/.m2/repository/io/quarkus/quarkus-fs-util/0.0.10/quarkus-fs-util-0.0.10.jar:/Users/sasamezo/.m2/repository/org/flywaydb/flyway-core/10.15.2/flyway-core-10.15.2.jar:/Users/sasamezo/.m2/repository/com/fasterxml/jackson/dataformat/jackson-dataformat-toml/2.17.2/jackson-dataformat-toml-2.17.2.jar:/Users/sasamezo/.m2/repository/com/google/code/gson/gson/2.11.0/gson-2.11.0.jar:/Users/sasamezo/.m2/repository/com/google/errorprone/error_prone_annotations/2.28.0/error_prone_annotations-2.28.0.jar:/Users/sasamezo/.m2/repository/io/quarkus/quarkus-agroal/3.12.3/quarkus-agroal-3.12.3.jar:/Users/sasamezo/.m2/repository/io/quarkus/quarkus-datasource/3.12.3/quarkus-datasource-3.12.3.jar:/Users/sasamezo/.m2/repository/io/agroal/agroal-api/2.4/agroal-api-2.4.jar:/Users/sasamezo/.m2/repository/io/agroal/agroal-narayana/2.4/agroal-narayana-2.4.jar:/Users/sasamezo/.m2/repository/org/jboss/jboss-transaction-spi/8.0.0.Final/jboss-transaction-spi-8.0.0.Final.jar:/Users/sasamezo/.m2/repository/io/agroal/agroal-pool/2.4/agroal-pool-2.4.jar:/Users/sasamezo/.m2/repository/io/quarkus/quarkus-credentials/3.12.3/quarkus-credentials-3.12.3.jar:/Users/sasamezo/.m2/repository/io/quarkus/quarkus-narayana-jta/3.12.3/quarkus-narayana-jta-3.12.3.jar:/Users/sasamezo/.m2/repository/io/quarkus/quarkus-transaction-annotations/3.12.3/quarkus-transaction-annotations-3.12.3.jar:/Users/sasamezo/.m2/repository/io/smallrye/smallrye-context-propagation-jta/2.1.2/smallrye-context-propagation-jta-2.1.2.jar:/Users/sasamezo/.m2/repository/io/smallrye/reactive/smallrye-reactive-converter-api/3.0.1/smallrye-reactive-converter-api-3.0.1.jar:/Users/sasamezo/.m2/repository/org/reactivestreams/reactive-streams/1.0.4/reactive-streams-1.0.4.jar:/Users/sasamezo/.m2/repository/io/smallrye/reactive/smallrye-reactive-converter-mutiny/3.0.1/smallrye-reactive-converter-mutiny-3.0.1.jar:/Users/sasamezo/.m2/repository/io/smallrye/reactive/mutiny-zero-flow-adapters/1.1.0/mutiny-zero-flow-adapters-1.1.0.jar:/Users/sasamezo/.m2/repository/org/jboss/narayana/jta/narayana-jta/7.0.2.Final/narayana-jta-7.0.2.Final.jar:/Users/sasamezo/.m2/repository/jakarta/resource/jakarta.resource-api/2.1.0/jakarta.resource-api-2.1.0.jar:/Users/sasamezo/.m2/repository/org/jboss/invocation/jboss-invocation/2.0.0.Final/jboss-invocation-2.0.0.Final.jar:/Users/sasamezo/.m2/repository/org/eclipse/microprofile/reactive-streams-operators/microprofile-reactive-streams-operators-api/3.0/microprofile-reactive-streams-operators-api-3.0.jar:/Users/sasamezo/.m2/repository/org/jboss/narayana/jts/narayana-jts-integration/7.0.2.Final/narayana-jts-integration-7.0.2.Final.jar:/Users/sasamezo/.m2/repository/io/quarkus/quarkus-datasource-common/3.12.3/quarkus-datasource-common-3.12.3.jar:/Users/sasamezo/.m2/repository/io/quarkus/quarkus-smallrye-jwt/3.12.3/quarkus-smallrye-jwt-3.12.3.jar:/Users/sasamezo/.m2/repository/io/smallrye/smallrye-jwt/4.5.2/smallrye-jwt-4.5.2.jar:/Users/sasamezo/.m2/repository/org/eclipse/microprofile/config/microprofile-config-api/3.1/microprofile-config-api-3.1.jar:/Users/sasamezo/.m2/repository/org/eclipse/microprofile/jwt/microprofile-jwt-auth-api/2.1/microprofile-jwt-auth-api-2.1.jar:/Users/sasamezo/.m2/repository/org/bitbucket/b_c/jose4j/0.9.6/jose4j-0.9.6.jar:/Users/sasamezo/.m2/repository/io/smallrye/smallrye-jwt-common/4.5.2/smallrye-jwt-common-4.5.2.jar:/Users/sasamezo/.m2/repository/jakarta/annotation/jakarta.annotation-api/3.0.0/jakarta.annotation-api-3.0.0.jar:/Users/sasamezo/.m2/repository/io/quarkus/quarkus-vertx-http/3.12.3/quarkus-vertx-http-3.12.3.jar:/Users/sasamezo/.m2/repository/io/quarkus/quarkus-security-runtime-spi/3.12.3/quarkus-security-runtime-spi-3.12.3.jar:/Users/sasamezo/.m2/repository/io/smallrye/common/smallrye-common-vertx-context/2.3.0/smallrye-common-vertx-context-2.3.0.jar:/Users/sasamezo/.m2/repository/io/quarkus/security/quarkus-security/2.1.0/quarkus-security-2.1.0.jar:/Users/sasamezo/.m2/repository/io/smallrye/reactive/smallrye-mutiny-vertx-web/3.12.0/smallrye-mutiny-vertx-web-3.12.0.jar:/Users/sasamezo/.m2/repository/io/smallrye/reactive/smallrye-mutiny-vertx-web-common/3.12.0/smallrye-mutiny-vertx-web-common-3.12.0.jar:/Users/sasamezo/.m2/repository/io/smallrye/reactive/smallrye-mutiny-vertx-auth-common/3.12.0/smallrye-mutiny-vertx-auth-common-3.12.0.jar:/Users/sasamezo/.m2/repository/io/smallrye/reactive/smallrye-mutiny-vertx-bridge-common/3.12.0/smallrye-mutiny-vertx-bridge-common-3.12.0.jar:/Users/sasamezo/.m2/repository/io/smallrye/reactive/smallrye-mutiny-vertx-uri-template/3.12.0/smallrye-mutiny-vertx-uri-template-3.12.0.jar:/Users/sasamezo/.m2/repository/io/vertx/vertx-uri-template/4.5.7/vertx-uri-template-4.5.7.jar:/Users/sasamezo/.m2/repository/io/vertx/vertx-web/4.5.7/vertx-web-4.5.7.jar:/Users/sasamezo/.m2/repository/io/vertx/vertx-web-common/4.5.7/vertx-web-common-4.5.7.jar:/Users/sasamezo/.m2/repository/io/vertx/vertx-auth-common/4.5.7/vertx-auth-common-4.5.7.jar:/Users/sasamezo/.m2/repository/io/vertx/vertx-bridge-common/4.5.7/vertx-bridge-common-4.5.7.jar:/Users/sasamezo/.m2/repository/io/github/crac/org-crac/0.1.3/org-crac-0.1.3.jar:/Users/sasamezo/.m2/repository/io/quarkus/quarkus-security/3.12.3/quarkus-security-3.12.3.jar:/Users/sasamezo/.m2/repository/jakarta/interceptor/jakarta.interceptor-api/2.2.0/jakarta.interceptor-api-2.2.0.jar:/Users/sasamezo/.m2/repository/io/quarkus/quarkus-smallrye-jwt-build/3.12.3/quarkus-smallrye-jwt-build-3.12.3.jar:/Users/sasamezo/.m2/repository/io/smallrye/smallrye-jwt-build/4.5.2/smallrye-jwt-build-4.5.2.jar:/Users/sasamezo/.m2/repository/io/quarkus/quarkus-jsonp/3.12.3/quarkus-jsonp-3.12.3.jar:/Users/sasamezo/.m2/repository/org/junit/jupiter/junit-jupiter-api/5.8.1/junit-jupiter-api-5.8.1.jar:/Users/sasamezo/.m2/repository/org/opentest4j/opentest4j/1.2.0/opentest4j-1.2.0.jar:/Users/sasamezo/.m2/repository/org/junit/platform/junit-platform-commons/1.10.2/junit-platform-commons-1.10.2.jar:/Users/sasamezo/.m2/repository/org/apiguardian/apiguardian-api/1.1.2/apiguardian-api-1.1.2.jar:/Users/sasamezo/.m2/repository/org/junit/jupiter/junit-jupiter-engine/5.8.1/junit-jupiter-engine-5.8.1.jar:/Users/sasamezo/.m2/repository/org/junit/platform/junit-platform-engine/1.10.2/junit-platform-engine-1.10.2.jar:/Users/sasamezo/.m2/repository/at/favre/lib/bcrypt/0.9.0/bcrypt-0.9.0.jar:/Users/sasamezo/.m2/repository/at/favre/lib/bytes/1.3.0/bytes-1.3.0.jar:/Users/sasamezo/.m2/repository/io/quarkus/quarkus-smallrye-openapi/3.12.3/quarkus-smallrye-openapi-3.12.3.jar:/Users/sasamezo/.m2/repository/io/smallrye/smallrye-open-api-core/3.10.0/smallrye-open-api-core-3.10.0.jar:/Users/sasamezo/.m2/repository/org/eclipse/microprofile/openapi/microprofile-openapi-api/3.1.1/microprofile-openapi-api-3.1.1.jar:/Users/sasamezo/.m2/repository/com/fasterxml/jackson/core/jackson-core/2.17.2/jackson-core-2.17.2.jar:/Users/sasamezo/.m2/repository/com/fasterxml/jackson/dataformat/jackson-dataformat-yaml/2.17.2/jackson-dataformat-yaml-2.17.2.jar:/Users/sasamezo/.m2/repository/org/yaml/snakeyaml/2.2/snakeyaml-2.2.jar:/Users/sasamezo/.m2/repository/io/smallrye/jandex/3.2.0/jandex-3.2.0.jar:/Users/sasamezo/.m2/repository/io/quarkus/quarkus-swagger-ui/3.12.3/quarkus-swagger-ui-3.12.3.jar:/Users/sasamezo/.m2/repository/io/quarkus/quarkus-rest-jsonb/3.12.3/quarkus-rest-jsonb-3.12.3.jar:/Users/sasamezo/.m2/repository/io/quarkus/resteasy/reactive/resteasy-reactive-jsonb/3.12.3/resteasy-reactive-jsonb-3.12.3.jar:/Users/sasamezo/.m2/repository/io/quarkus/resteasy/reactive/resteasy-reactive/3.12.3/resteasy-reactive-3.12.3.jar:/Users/sasamezo/.m2/repository/org/jboss/logging/commons-logging-jboss-logging/1.0.0.Final/commons-logging-jboss-logging-1.0.0.Final.jar:/Users/sasamezo/.m2/repository/io/quarkus/quarkus-rest-jsonb-common/3.12.3/quarkus-rest-jsonb-common-3.12.3.jar:/Users/sasamezo/.m2/repository/io/quarkus/quarkus-jsonb/3.12.3/quarkus-jsonb-3.12.3.jar:/Users/sasamezo/.m2/repository/io/quarkus/quarkus-hibernate-orm/3.12.3/quarkus-hibernate-orm-3.12.3.jar:/Users/sasamezo/.m2/repository/org/hibernate/orm/hibernate-core/6.5.2.Final/hibernate-core-6.5.2.Final.jar:/Users/sasamezo/.m2/repository/com/fasterxml/classmate/1.7.0/classmate-1.7.0.jar:/Users/sasamezo/.m2/repository/org/antlr/antlr4-runtime/4.13.0/antlr4-runtime-4.13.0.jar:/Users/sasamezo/.m2/repository/net/bytebuddy/byte-buddy/1.14.15/byte-buddy-1.14.15.jar:/Users/sasamezo/.m2/repository/org/hibernate/common/hibernate-commons-annotations/6.0.6.Final/hibernate-commons-annotations-6.0.6.Final.jar:/Users/sasamezo/.m2/repository/org/hibernate/orm/hibernate-graalvm/6.5.2.Final/hibernate-graalvm-6.5.2.Final.jar:/Users/sasamezo/.m2/repository/org/glassfish/jaxb/jaxb-runtime/4.0.5/jaxb-runtime-4.0.5.jar:/Users/sasamezo/.m2/repository/org/glassfish/jaxb/jaxb-core/4.0.5/jaxb-core-4.0.5.jar:/Users/sasamezo/.m2/repository/org/eclipse/angus/angus-activation/2.0.2/angus-activation-2.0.2.jar:/Users/sasamezo/.m2/repository/org/glassfish/jaxb/txw2/4.0.5/txw2-4.0.5.jar:/Users/sasamezo/.m2/repository/com/sun/istack/istack-commons-runtime/4.1.2/istack-commons-runtime-4.1.2.jar:/Users/sasamezo/.m2/repository/jakarta/xml/bind/jakarta.xml.bind-api/4.0.2/jakarta.xml.bind-api-4.0.2.jar:/Users/sasamezo/.m2/repository/jakarta/activation/jakarta.activation-api/2.1.3/jakarta.activation-api-2.1.3.jar:/Users/sasamezo/.m2/repository/jakarta/persistence/jakarta.persistence-api/3.1.0/jakarta.persistence-api-3.1.0.jar:/Users/sasamezo/.m2/repository/jakarta/transaction/jakarta.transaction-api/2.0.1/jakarta.transaction-api-2.0.1.jar:/Users/sasamezo/.m2/repository/org/hibernate/quarkus-local-cache/0.3.0/quarkus-local-cache-0.3.0.jar:/Users/sasamezo/.m2/repository/io/quarkus/quarkus-caffeine/3.12.3/quarkus-caffeine-3.12.3.jar:/Users/sasamezo/.m2/repository/com/github/ben-manes/caffeine/caffeine/3.1.5/caffeine-3.1.5.jar:/Users/sasamezo/.m2/repository/io/quarkus/quarkus-hibernate-orm-panache/3.12.3/quarkus-hibernate-orm-panache-3.12.3.jar:/Users/sasamezo/.m2/repository/io/quarkus/quarkus-hibernate-orm-panache-common/3.12.3/quarkus-hibernate-orm-panache-common-3.12.3.jar:/Users/sasamezo/.m2/repository/io/quarkus/quarkus-panache-hibernate-common/3.12.3/quarkus-panache-hibernate-common-3.12.3.jar:/Users/sasamezo/.m2/repository/io/quarkus/quarkus-panache-common/3.12.3/quarkus-panache-common-3.12.3.jar:/Users/sasamezo/.m2/repository/io/quarkiverse/jpastreamer/quarkus-jpastreamer/3.0.3.Final/quarkus-jpastreamer-3.0.3.Final.jar:/Users/sasamezo/.m2/repository/com/speedment/jpastreamer/jpastreamer-core/3.0.4/jpastreamer-core-3.0.4.jar:/Users/sasamezo/.m2/repository/com/speedment/jpastreamer/field/3.0.4/field-3.0.4.jar:/Users/sasamezo/.m2/repository/com/speedment/common/invariant/3.2.10/invariant-3.2.10.jar:/Users/sasamezo/.m2/repository/com/speedment/common/function/3.2.10/function-3.2.10.jar:/Users/sasamezo/.m2/repository/com/speedment/runtime/runtime-compute/3.2.10/runtime-compute-3.2.10.jar:/Users/sasamezo/.m2/repository/com/speedment/jpastreamer/application-standard/3.0.4/application-standard-3.0.4.jar:/Users/sasamezo/.m2/repository/com/speedment/jpastreamer/application/3.0.4/application-3.0.4.jar:/Users/sasamezo/.m2/repository/com/speedment/jpastreamer/projection/3.0.4/projection-3.0.4.jar:/Users/sasamezo/.m2/repository/com/speedment/jpastreamer/pipeline/3.0.4/pipeline-3.0.4.jar:/Users/sasamezo/.m2/repository/com/speedment/jpastreamer/streamconfiguration/3.0.4/streamconfiguration-3.0.4.jar:/Users/sasamezo/.m2/repository/com/speedment/jpastreamer/renderer/3.0.4/renderer-3.0.4.jar:/Users/sasamezo/.m2/repository/com/speedment/jpastreamer/builder/3.0.4/builder-3.0.4.jar:/Users/sasamezo/.m2/repository/com/speedment/jpastreamer/autoclose/3.0.4/autoclose-3.0.4.jar:/Users/sasamezo/.m2/repository/com/speedment/jpastreamer/appinfo/3.0.4/appinfo-3.0.4.jar:/Users/sasamezo/.m2/repository/com/speedment/jpastreamer/rootfactory/3.0.4/rootfactory-3.0.4.jar:/Users/sasamezo/.m2/repository/com/speedment/jpastreamer/streamconfiguration-standard/3.0.4/streamconfiguration-standard-3.0.4.jar:/Users/sasamezo/.m2/repository/com/speedment/jpastreamer/pipeline-standard/3.0.4/pipeline-standard-3.0.4.jar:/Users/sasamezo/.m2/repository/com/speedment/jpastreamer/javasixteen/3.0.4/javasixteen-3.0.4.jar:/Users/sasamezo/.m2/repository/com/speedment/jpastreamer/renderer-standard/3.0.4/renderer-standard-3.0.4.jar:/Users/sasamezo/.m2/repository/com/speedment/jpastreamer/criteria/3.0.4/criteria-3.0.4.jar:/Users/sasamezo/.m2/repository/com/speedment/jpastreamer/merger/3.0.4/merger-3.0.4.jar:/Users/sasamezo/.m2/repository/com/speedment/jpastreamer/interopoptimizer/3.0.4/interopoptimizer-3.0.4.jar:/Users/sasamezo/.m2/repository/com/speedment/jpastreamer/termopmodifier/3.0.4/termopmodifier-3.0.4.jar:/Users/sasamezo/.m2/repository/com/speedment/jpastreamer/termopoptimizer/3.0.4/termopoptimizer-3.0.4.jar:/Users/sasamezo/.m2/repository/com/speedment/jpastreamer/criteria-standard/3.0.4/criteria-standard-3.0.4.jar:/Users/sasamezo/.m2/repository/com/speedment/jpastreamer/exception/3.0.4/exception-3.0.4.jar:/Users/sasamezo/.m2/repository/com/speedment/jpastreamer/merger-standard/3.0.4/merger-standard-3.0.4.jar:/Users/sasamezo/.m2/repository/com/speedment/jpastreamer/builder-standard/3.0.4/builder-standard-3.0.4.jar:/Users/sasamezo/.m2/repository/com/speedment/jpastreamer/autoclose-standard/3.0.4/autoclose-standard-3.0.4.jar:/Users/sasamezo/.m2/repository/com/speedment/jpastreamer/interopoptimizer-standard/3.0.4/interopoptimizer-standard-3.0.4.jar:/Users/sasamezo/.m2/repository/com/speedment/jpastreamer/fieldgenerator-standard/3.0.4/fieldgenerator-standard-3.0.4.jar:/Users/sasamezo/.m2/repository/com/speedment/common/codegen/3.2.10/codegen-3.2.10.jar:/Users/sasamezo/.m2/repository/com/google/auto/service/auto-service-annotations/1.0.1/auto-service-annotations-1.0.1.jar:/Users/sasamezo/.m2/repository/com/speedment/jpastreamer/appinfo-standard/3.0.4/appinfo-standard-3.0.4.jar:/Users/sasamezo/.m2/repository/com/speedment/jpastreamer/termopmodifier-standard/3.0.4/termopmodifier-standard-3.0.4.jar:/Users/sasamezo/.m2/repository/com/speedment/jpastreamer/termopoptimizer-standard/3.0.4/termopoptimizer-standard-3.0.4.jar:/Users/sasamezo/.m2/repository/com/speedment/jpastreamer/announcer/3.0.4/announcer-3.0.4.jar:/Users/sasamezo/.m2/repository/io/quarkus/quarkus-jdbc-mysql/3.12.3/quarkus-jdbc-mysql-3.12.3.jar:/Users/sasamezo/.m2/repository/com/mysql/mysql-connector-j/8.3.0/mysql-connector-j-8.3.0.jar:/Users/sasamezo/.m2/repository/io/quarkus/quarkus-arc/3.12.3/quarkus-arc-3.12.3.jar:/Users/sasamezo/.m2/repository/io/quarkus/arc/arc/3.12.3/arc-3.12.3.jar:/Users/sasamezo/.m2/repository/io/smallrye/reactive/mutiny/2.6.0/mutiny-2.6.0.jar:/Users/sasamezo/.m2/repository/org/jctools/jctools-core/4.0.3/jctools-core-4.0.3.jar:/Users/sasamezo/.m2/repository/org/eclipse/microprofile/context-propagation/microprofile-context-propagation-api/1.3/microprofile-context-propagation-api-1.3.jar:/Users/sasamezo/.m2/repository/io/quarkus/quarkus-junit5/3.12.3/quarkus-junit5-3.12.3.jar:/Users/sasamezo/.m2/repository/io/quarkus/quarkus-bootstrap-core/3.12.3/quarkus-bootstrap-core-3.12.3.jar:/Users/sasamezo/.m2/repository/io/quarkus/quarkus-classloader-commons/3.12.3/quarkus-classloader-commons-3.12.3.jar:/Users/sasamezo/.m2/repository/io/quarkus/quarkus-bootstrap-app-model/3.12.3/quarkus-bootstrap-app-model-3.12.3.jar:/Users/sasamezo/.m2/repository/io/smallrye/common/smallrye-common-io/2.3.0/smallrye-common-io-2.3.0.jar:/Users/sasamezo/.m2/repository/org/eclipse/sisu/org.eclipse.sisu.inject/0.9.0.M3/org.eclipse.sisu.inject-0.9.0.M3.jar:/Users/sasamezo/.m2/repository/io/quarkus/quarkus-test-common/3.12.3/quarkus-test-common-3.12.3.jar:/Users/sasamezo/.m2/repository/io/quarkus/quarkus-core-deployment/3.12.3/quarkus-core-deployment-3.12.3.jar:/Users/sasamezo/.m2/repository/org/aesh/readline/2.6/readline-2.6.jar:/Users/sasamezo/.m2/repository/org/fusesource/jansi/jansi/2.4.0/jansi-2.4.0.jar:/Users/sasamezo/.m2/repository/org/aesh/aesh/2.8.2/aesh-2.8.2.jar:/Users/sasamezo/.m2/repository/org/apache/commons/commons-lang3/3.14.0/commons-lang3-3.14.0.jar:/Users/sasamezo/.m2/repository/io/quarkus/gizmo/gizmo/1.8.0/gizmo-1.8.0.jar:/Users/sasamezo/.m2/repository/org/ow2/asm/asm-util/9.7/asm-util-9.7.jar:/Users/sasamezo/.m2/repository/org/ow2/asm/asm-analysis/9.7/asm-analysis-9.7.jar:/Users/sasamezo/.m2/repository/org/ow2/asm/asm/9.7/asm-9.7.jar:/Users/sasamezo/.m2/repository/org/ow2/asm/asm-commons/9.7/asm-commons-9.7.jar:/Users/sasamezo/.m2/repository/org/ow2/asm/asm-tree/9.7/asm-tree-9.7.jar:/Users/sasamezo/.m2/repository/io/quarkus/quarkus-hibernate-validator-spi/3.12.3/quarkus-hibernate-validator-spi-3.12.3.jar:/Users/sasamezo/.m2/repository/io/quarkus/quarkus-class-change-agent/3.12.3/quarkus-class-change-agent-3.12.3.jar:/Users/sasamezo/.m2/repository/io/quarkus/quarkus-devtools-utilities/3.12.3/quarkus-devtools-utilities-3.12.3.jar:/Users/sasamezo/.m2/repository/io/quarkus/quarkus-builder/3.12.3/quarkus-builder-3.12.3.jar:/Users/sasamezo/.m2/repository/org/graalvm/sdk/nativeimage/23.1.2/nativeimage-23.1.2.jar:/Users/sasamezo/.m2/repository/org/graalvm/sdk/word/23.1.2/word-23.1.2.jar:/Users/sasamezo/.m2/repository/org/junit/platform/junit-platform-launcher/1.10.2/junit-platform-launcher-1.10.2.jar:/Users/sasamezo/.m2/repository/io/quarkus/quarkus-bootstrap-maven-resolver/3.12.3/quarkus-bootstrap-maven-resolver-3.12.3.jar:/Users/sasamezo/.m2/repository/io/smallrye/beanbag/smallrye-beanbag-maven/1.5.2/smallrye-beanbag-maven-1.5.2.jar:/Users/sasamezo/.m2/repository/io/smallrye/beanbag/smallrye-beanbag-sisu/1.5.2/smallrye-beanbag-sisu-1.5.2.jar:/Users/sasamezo/.m2/repository/io/smallrye/beanbag/smallrye-beanbag/1.5.2/smallrye-beanbag-1.5.2.jar:/Users/sasamezo/.m2/repository/commons-codec/commons-codec/1.17.0/commons-codec-1.17.0.jar:/Users/sasamezo/.m2/repository/javax/inject/javax.inject/1/javax.inject-1.jar:/Users/sasamezo/.m2/repository/org/apache/httpcomponents/httpclient/4.5.14/httpclient-4.5.14.jar:/Users/sasamezo/.m2/repository/org/apache/httpcomponents/httpcore/4.4.16/httpcore-4.4.16.jar:/Users/sasamezo/.m2/repository/org/apache/maven/maven-artifact/3.9.8/maven-artifact-3.9.8.jar:/Users/sasamezo/.m2/repository/org/apache/maven/maven-builder-support/3.9.8/maven-builder-support-3.9.8.jar:/Users/sasamezo/.m2/repository/org/apache/maven/maven-model/3.9.8/maven-model-3.9.8.jar:/Users/sasamezo/.m2/repository/org/apache/maven/maven-model-builder/3.9.8/maven-model-builder-3.9.8.jar:/Users/sasamezo/.m2/repository/org/apache/maven/maven-repository-metadata/3.9.8/maven-repository-metadata-3.9.8.jar:/Users/sasamezo/.m2/repository/org/apache/maven/maven-settings/3.9.8/maven-settings-3.9.8.jar:/Users/sasamezo/.m2/repository/org/apache/maven/resolver/maven-resolver-api/1.9.20/maven-resolver-api-1.9.20.jar:/Users/sasamezo/.m2/repository/org/apache/maven/resolver/maven-resolver-impl/1.9.20/maven-resolver-impl-1.9.20.jar:/Users/sasamezo/.m2/repository/org/apache/maven/resolver/maven-resolver-named-locks/1.9.20/maven-resolver-named-locks-1.9.20.jar:/Users/sasamezo/.m2/repository/org/apache/maven/resolver/maven-resolver-spi/1.9.20/maven-resolver-spi-1.9.20.jar:/Users/sasamezo/.m2/repository/org/apache/maven/resolver/maven-resolver-util/1.9.20/maven-resolver-util-1.9.20.jar:/Users/sasamezo/.m2/repository/org/apache/maven/resolver/maven-resolver-transport-http/1.9.20/maven-resolver-transport-http-1.9.20.jar:/Users/sasamezo/.m2/repository/org/apache/maven/wagon/wagon-provider-api/3.5.3/wagon-provider-api-3.5.3.jar:/Users/sasamezo/.m2/repository/org/apache/maven/wagon/wagon-http-shared/3.5.3/wagon-http-shared-3.5.3.jar:/Users/sasamezo/.m2/repository/org/codehaus/plexus/plexus-interpolation/1.26/plexus-interpolation-1.26.jar:/Users/sasamezo/.m2/repository/org/codehaus/plexus/plexus-utils/3.5.1/plexus-utils-3.5.1.jar:/Users/sasamezo/.m2/repository/org/codehaus/plexus/plexus-xml/4.0.1/plexus-xml-4.0.1.jar:/Users/sasamezo/.m2/repository/org/apache/maven/maven-xml-impl/4.0.0-alpha-5/maven-xml-impl-4.0.0-alpha-5.jar:/Users/sasamezo/.m2/repository/org/apache/maven/maven-api-xml/4.0.0-alpha-5/maven-api-xml-4.0.0-alpha-5.jar:/Users/sasamezo/.m2/repository/org/apache/maven/maven-api-meta/4.0.0-alpha-5/maven-api-meta-4.0.0-alpha-5.jar:/Users/sasamezo/.m2/repository/org/codehaus/plexus/plexus-cipher/2.0/plexus-cipher-2.0.jar:/Users/sasamezo/.m2/repository/org/codehaus/plexus/plexus-sec-dispatcher/2.0/plexus-sec-dispatcher-2.0.jar:/Users/sasamezo/.m2/repository/org/apache/maven/maven-embedder/3.9.8/maven-embedder-3.9.8.jar:/Users/sasamezo/.m2/repository/org/apache/maven/maven-core/3.9.8/maven-core-3.9.8.jar:/Users/sasamezo/.m2/repository/org/codehaus/plexus/plexus-component-annotations/2.1.0/plexus-component-annotations-2.1.0.jar:/Users/sasamezo/.m2/repository/org/apache/maven/maven-plugin-api/3.9.8/maven-plugin-api-3.9.8.jar:/Users/sasamezo/.m2/repository/org/apache/maven/shared/maven-shared-utils/3.4.2/maven-shared-utils-3.4.2.jar:/Users/sasamezo/.m2/repository/com/google/inject/guice/5.1.0/guice-5.1.0.jar:/Users/sasamezo/.m2/repository/aopalliance/aopalliance/1.0/aopalliance-1.0.jar:/Users/sasamezo/.m2/repository/com/google/guava/guava/33.2.1-jre/guava-33.2.1-jre.jar:/Users/sasamezo/.m2/repository/com/google/guava/failureaccess/1.0.1/failureaccess-1.0.1.jar:/Users/sasamezo/.m2/repository/javax/annotation/javax.annotation-api/1.3.2/javax.annotation-api-1.3.2.jar:/Users/sasamezo/.m2/repository/org/codehaus/plexus/plexus-classworlds/2.6.0/plexus-classworlds-2.6.0.jar:/Users/sasamezo/.m2/repository/commons-cli/commons-cli/1.8.0/commons-cli-1.8.0.jar:/Users/sasamezo/.m2/repository/org/eclipse/sisu/org.eclipse.sisu.plexus/0.9.0.M3/org.eclipse.sisu.plexus-0.9.0.M3.jar:/Users/sasamezo/.m2/repository/org/apache/maven/maven-settings-builder/3.9.8/maven-settings-builder-3.9.8.jar:/Users/sasamezo/.m2/repository/org/apache/maven/maven-resolver-provider/3.9.8/maven-resolver-provider-3.9.8.jar:/Users/sasamezo/.m2/repository/org/apache/maven/resolver/maven-resolver-connector-basic/1.9.20/maven-resolver-connector-basic-1.9.20.jar:/Users/sasamezo/.m2/repository/org/apache/maven/resolver/maven-resolver-transport-wagon/1.9.20/maven-resolver-transport-wagon-1.9.20.jar:/Users/sasamezo/.m2/repository/org/apache/maven/wagon/wagon-http/3.5.3/wagon-http-3.5.3.jar:/Users/sasamezo/.m2/repository/org/apache/maven/wagon/wagon-file/3.5.3/wagon-file-3.5.3.jar:/Users/sasamezo/.m2/repository/io/quarkus/quarkus-bootstrap-gradle-resolver/3.12.3/quarkus-bootstrap-gradle-resolver-3.12.3.jar:/Users/sasamezo/.m2/repository/commons-io/commons-io/2.16.1/commons-io-2.16.1.jar:/Users/sasamezo/.m2/repository/io/quarkus/quarkus-junit5-properties/3.12.3/quarkus-junit5-properties-3.12.3.jar:/Users/sasamezo/.m2/repository/org/junit/jupiter/junit-jupiter/5.10.2/junit-jupiter-5.10.2.jar:/Users/sasamezo/.m2/repository/org/junit/jupiter/junit-jupiter-params/5.10.2/junit-jupiter-params-5.10.2.jar:/Users/sasamezo/.m2/repository/com/thoughtworks/xstream/xstream/1.4.20/xstream-1.4.20.jar:/Users/sasamezo/.m2/repository/io/github/x-stream/mxparser/1.2.2/mxparser-1.2.2.jar:/Users/sasamezo/.m2/repository/xmlpull/xmlpull/1.1.3.1/xmlpull-1.1.3.1.jar:/Users/sasamezo/.m2/repository/org/projectlombok/lombok/1.18.30/lombok-1.18.30.jar:/Users/sasamezo/.m2/repository/io/quarkus/quarkus-spring-data-jpa/3.12.3/quarkus-spring-data-jpa-3.12.3.jar:/Users/sasamezo/.m2/repository/io/quarkus/quarkus-spring-data-jpa-api/3.2.SP2/quarkus-spring-data-jpa-api-3.2.SP2.jar:/Users/sasamezo/.m2/repository/io/quarkus/quarkus-spring-di/3.12.3/quarkus-spring-di-3.12.3.jar:/Users/sasamezo/.m2/repository/io/quarkus/quarkus-spring-beans-api/6.1.SP2/quarkus-spring-beans-api-6.1.SP2.jar:/Users/sasamezo/.m2/repository/io/quarkus/quarkus-spring-data-commons-api/3.2.SP2/quarkus-spring-data-commons-api-3.2.SP2.jar:/Users/sasamezo/.m2/repository/io/quarkus/quarkus-spring-context-api/6.1.SP2/quarkus-spring-context-api-6.1.SP2.jar:/Users/sasamezo/.m2/repository/io/quarkus/quarkus-spring-core-api/6.1.SP2/quarkus-spring-core-api-6.1.SP2.jar:/Users/sasamezo/.m2/repository/io/quarkus/quarkus-spring-aop-api/6.1.SP2/quarkus-spring-aop-api-6.1.SP2.jar:/Users/sasamezo/.m2/repository/io/quarkus/quarkus-spring-boot-orm-api/3.2/quarkus-spring-boot-orm-api-3.2.jar:/Users/sasamezo/.m2/repository/io/quarkus/quarkus-rest/3.12.3/quarkus-rest-3.12.3.jar:/Users/sasamezo/.m2/repository/io/quarkus/quarkus-rest-common/3.12.3/quarkus-rest-common-3.12.3.jar:/Users/sasamezo/.m2/repository/io/quarkus/resteasy/reactive/resteasy-reactive-common/3.12.3/resteasy-reactive-common-3.12.3.jar:/Users/sasamezo/.m2/repository/io/quarkus/resteasy/reactive/resteasy-reactive-common-types/3.12.3/resteasy-reactive-common-types-3.12.3.jar:/Users/sasamezo/.m2/repository/io/quarkus/resteasy/reactive/resteasy-reactive-vertx/3.12.3/resteasy-reactive-vertx-3.12.3.jar:/Users/sasamezo/.m2/repository/io/smallrye/reactive/smallrye-mutiny-vertx-core/3.12.0/smallrye-mutiny-vertx-core-3.12.0.jar:/Users/sasamezo/.m2/repository/io/smallrye/reactive/smallrye-mutiny-vertx-runtime/3.12.0/smallrye-mutiny-vertx-runtime-3.12.0.jar:/Users/sasamezo/.m2/repository/io/smallrye/reactive/vertx-mutiny-generator/3.12.0/vertx-mutiny-generator-3.12.0.jar:/Users/sasamezo/.m2/repository/io/vertx/vertx-codegen/4.5.7/vertx-codegen-4.5.7.jar:/Users/sasamezo/.m2/repository/io/quarkus/vertx/utils/quarkus-vertx-utils/3.12.3/quarkus-vertx-utils-3.12.3.jar:/Users/sasamezo/.m2/repository/jakarta/ws/rs/jakarta.ws.rs-api/3.1.0/jakarta.ws.rs-api-3.1.0.jar:/Users/sasamezo/.m2/repository/io/quarkus/quarkus-virtual-threads/3.12.3/quarkus-virtual-threads-3.12.3.jar:/Users/sasamezo/.m2/repository/io/vertx/vertx-core/4.5.7/vertx-core-4.5.7.jar:/Users/sasamezo/.m2/repository/io/netty/netty-common/4.1.108.Final/netty-common-4.1.108.Final.jar:/Users/sasamezo/.m2/repository/io/netty/netty-buffer/4.1.108.Final/netty-buffer-4.1.108.Final.jar:/Users/sasamezo/.m2/repository/io/netty/netty-transport/4.1.108.Final/netty-transport-4.1.108.Final.jar:/Users/sasamezo/.m2/repository/io/netty/netty-handler/4.1.108.Final/netty-handler-4.1.108.Final.jar:/Users/sasamezo/.m2/repository/io/netty/netty-transport-native-unix-common/4.1.108.Final/netty-transport-native-unix-common-4.1.108.Final.jar:/Users/sasamezo/.m2/repository/io/netty/netty-handler-proxy/4.1.108.Final/netty-handler-proxy-4.1.108.Final.jar:/Users/sasamezo/.m2/repository/io/netty/netty-codec-socks/4.1.108.Final/netty-codec-socks-4.1.108.Final.jar:/Users/sasamezo/.m2/repository/io/netty/netty-codec-http/4.1.108.Final/netty-codec-http-4.1.108.Final.jar:/Users/sasamezo/.m2/repository/io/netty/netty-codec-http2/4.1.108.Final/netty-codec-http2-4.1.108.Final.jar:/Users/sasamezo/.m2/repository/io/netty/netty-resolver/4.1.108.Final/netty-resolver-4.1.108.Final.jar:/Users/sasamezo/.m2/repository/io/netty/netty-resolver-dns/4.1.108.Final/netty-resolver-dns-4.1.108.Final.jar:/Users/sasamezo/.m2/repository/io/netty/netty-codec-dns/4.1.108.Final/netty-codec-dns-4.1.108.Final.jar:/Users/sasamezo/.m2/repository/io/jsonwebtoken/jjwt-api/0.11.5/jjwt-api-0.11.5.jar:/Users/sasamezo/.m2/repository/io/jsonwebtoken/jjwt-impl/0.11.5/jjwt-impl-0.11.5.jar:/Users/sasamezo/.m2/repository/io/jsonwebtoken/jjwt-jackson/0.11.5/jjwt-jackson-0.11.5.jar:/Users/sasamezo/.m2/repository/com/fasterxml/jackson/core/jackson-databind/2.17.2/jackson-databind-2.17.2.jar:/Users/sasamezo/.m2/repository/com/fasterxml/jackson/core/jackson-annotations/2.17.2/jackson-annotations-2.17.2.jar:/Users/sasamezo/.m2/repository/com/sun/mail/javax.mail/1.6.2/javax.mail-1.6.2.jar:/Users/sasamezo/.m2/repository/javax/activation/activation/1.1/activation-1.1.jar:/Users/sasamezo/.m2/repository/io/quarkus/quarkus-mailer/3.12.3/quarkus-mailer-3.12.3.jar:/Users/sasamezo/.m2/repository/io/quarkus/quarkus-vertx/3.12.3/quarkus-vertx-3.12.3.jar:/Users/sasamezo/.m2/repository/io/quarkus/quarkus-netty/3.12.3/quarkus-netty-3.12.3.jar:/Users/sasamezo/.m2/repository/io/netty/netty-codec/4.1.108.Final/netty-codec-4.1.108.Final.jar:/Users/sasamezo/.m2/repository/com/aayushatharva/brotli4j/brotli4j/1.16.0/brotli4j-1.16.0.jar:/Users/sasamezo/.m2/repository/com/aayushatharva/brotli4j/service/1.16.0/service-1.16.0.jar:/Users/sasamezo/.m2/repository/com/aayushatharva/brotli4j/native-osx-aarch64/1.16.0/native-osx-aarch64-1.16.0.jar:/Users/sasamezo/.m2/repository/io/netty/netty-codec-haproxy/4.1.108.Final/netty-codec-haproxy-4.1.108.Final.jar:/Users/sasamezo/.m2/repository/io/smallrye/common/smallrye-common-annotation/2.3.0/smallrye-common-annotation-2.3.0.jar:/Users/sasamezo/.m2/repository/io/quarkus/quarkus-vertx-latebound-mdc-provider/3.12.3/quarkus-vertx-latebound-mdc-provider-3.12.3.jar:/Users/sasamezo/.m2/repository/io/smallrye/smallrye-fault-tolerance-vertx/6.3.0/smallrye-fault-tolerance-vertx-6.3.0.jar:/Users/sasamezo/.m2/repository/io/quarkus/quarkus-tls-registry/3.12.3/quarkus-tls-registry-3.12.3.jar:/Users/sasamezo/.m2/repository/io/quarkus/quarkus-qute/3.12.3/quarkus-qute-3.12.3.jar:/Users/sasamezo/.m2/repository/io/quarkus/qute/qute-core/3.12.3/qute-core-3.12.3.jar:/Users/sasamezo/.m2/repository/io/quarkus/quarkus-mutiny/3.12.3/quarkus-mutiny-3.12.3.jar:/Users/sasamezo/.m2/repository/io/quarkus/quarkus-smallrye-context-propagation/3.12.3/quarkus-smallrye-context-propagation-3.12.3.jar:/Users/sasamezo/.m2/repository/io/smallrye/smallrye-context-propagation/2.1.2/smallrye-context-propagation-2.1.2.jar:/Users/sasamezo/.m2/repository/io/smallrye/smallrye-context-propagation-api/2.1.2/smallrye-context-propagation-api-2.1.2.jar:/Users/sasamezo/.m2/repository/io/smallrye/smallrye-context-propagation-storage/2.1.2/smallrye-context-propagation-storage-2.1.2.jar:/Users/sasamezo/.m2/repository/io/smallrye/reactive/mutiny-smallrye-context-propagation/2.6.0/mutiny-smallrye-context-propagation-2.6.0.jar:/Users/sasamezo/.m2/repository/io/smallrye/reactive/smallrye-mutiny-vertx-mail-client/3.12.0/smallrye-mutiny-vertx-mail-client-3.12.0.jar:/Users/sasamezo/.m2/repository/io/vertx/vertx-mail-client/4.5.7/vertx-mail-client-4.5.7.jar:"/>
    <property name="java.vm.vendor" value="Homebrew"/>
    <property name="sun.arch.data.model" value="64"/>
    <property name="java.vendor.url" value="https://github.com/Homebrew/homebrew-core/issues"/>
    <property name="user.timezone" value="Europe/Bucharest"/>
    <property name="os.name" value="Mac OS X"/>
    <property name="java.vm.specification.version" value="21"/>
    <property name="sun.java.launcher" value="SUN_STANDARD"/>
    <property name="user.country" value="GB"/>
    <property name="sun.boot.library.path" value="/opt/homebrew/Cellar/openjdk/21.0.2/libexec/openjdk.jdk/Contents/Home/lib"/>
    <property name="sun.java.command" value="/Users/sasamezo/Documents/TimelessArtFolder/Backend/TimelessArt_Backend/timelessArt/target/surefire/surefirebooter-20240816145614377_3.jar /Users/sasamezo/Documents/TimelessArtFolder/Backend/TimelessArt_Backend/timelessArt/target/surefire 2024-08-16T14-56-14_338-jvmRun1 surefire-20240816145614377_1tmp surefire_0-20240816145614377_2tmp"/>
    <property name="http.nonProxyHosts" value="local|*.local|169.254/16|*.169.254/16"/>
    <property name="jdk.debug" value="release"/>
    <property name="maven.home" value="/opt/homebrew/Cellar/maven/3.9.6/libexec"/>
    <property name="surefire.test.class.path" value="/Users/sasamezo/Documents/TimelessArtFolder/Backend/TimelessArt_Backend/timelessArt/target/test-classes:/Users/sasamezo/Documents/TimelessArtFolder/Backend/TimelessArt_Backend/timelessArt/target/classes:/Users/sasamezo/.m2/repository/jakarta/json/bind/jakarta.json.bind-api/3.0.0/jakarta.json.bind-api-3.0.0.jar:/Users/sasamezo/.m2/repository/org/eclipse/yasson/3.0.3/yasson-3.0.3.jar:/Users/sasamezo/.m2/repository/jakarta/json/jakarta.json-api/2.1.3/jakarta.json-api-2.1.3.jar:/Users/sasamezo/.m2/repository/org/eclipse/parsson/parsson/1.1.6/parsson-1.1.6.jar:/Users/sasamezo/.m2/repository/io/quarkus/quarkus-flyway/3.12.3/quarkus-flyway-3.12.3.jar:/Users/sasamezo/.m2/repository/io/quarkus/quarkus-core/3.12.3/quarkus-core-3.12.3.jar:/Users/sasamezo/.m2/repository/jakarta/enterprise/jakarta.enterprise.cdi-api/4.1.0/jakarta.enterprise.cdi-api-4.1.0.jar:/Users/sasamezo/.m2/repository/jakarta/enterprise/jakarta.enterprise.lang-model/4.1.0/jakarta.enterprise.lang-model-4.1.0.jar:/Users/sasamezo/.m2/repository/jakarta/el/jakarta.el-api/5.0.1/jakarta.el-api-5.0.1.jar:/Users/sasamezo/.m2/repository/jakarta/inject/jakarta.inject-api/2.0.1/jakarta.inject-api-2.0.1.jar:/Users/sasamezo/.m2/repository/io/smallrye/common/smallrye-common-os/2.3.0/smallrye-common-os-2.3.0.jar:/Users/sasamezo/.m2/repository/io/quarkus/quarkus-ide-launcher/3.12.3/quarkus-ide-launcher-3.12.3.jar:/Users/sasamezo/.m2/repository/io/quarkus/quarkus-development-mode-spi/3.12.3/quarkus-development-mode-spi-3.12.3.jar:/Users/sasamezo/.m2/repository/io/smallrye/config/smallrye-config/3.8.3/smallrye-config-3.8.3.jar:/Users/sasamezo/.m2/repository/io/smallrye/config/smallrye-config-core/3.8.3/smallrye-config-core-3.8.3.jar:/Users/sasamezo/.m2/repository/io/smallrye/common/smallrye-common-classloader/2.3.0/smallrye-common-classloader-2.3.0.jar:/Users/sasamezo/.m2/repository/io/smallrye/config/smallrye-config-common/3.8.3/smallrye-config-common-3.8.3.jar:/Users/sasamezo/.m2/repository/org/jboss/logging/jboss-logging/3.6.0.Final/jboss-logging-3.6.0.Final.jar:/Users/sasamezo/.m2/repository/org/jboss/logmanager/jboss-logmanager/3.0.6.Final/jboss-logmanager-3.0.6.Final.jar:/Users/sasamezo/.m2/repository/io/smallrye/common/smallrye-common-constraint/2.3.0/smallrye-common-constraint-2.3.0.jar:/Users/sasamezo/.m2/repository/io/smallrye/common/smallrye-common-cpu/2.3.0/smallrye-common-cpu-2.3.0.jar:/Users/sasamezo/.m2/repository/io/smallrye/common/smallrye-common-expression/2.3.0/smallrye-common-expression-2.3.0.jar:/Users/sasamezo/.m2/repository/io/smallrye/common/smallrye-common-function/2.3.0/smallrye-common-function-2.3.0.jar:/Users/sasamezo/.m2/repository/io/smallrye/common/smallrye-common-net/2.3.0/smallrye-common-net-2.3.0.jar:/Users/sasamezo/.m2/repository/io/smallrye/common/smallrye-common-ref/2.3.0/smallrye-common-ref-2.3.0.jar:/Users/sasamezo/.m2/repository/org/jboss/logging/jboss-logging-annotations/2.2.1.Final/jboss-logging-annotations-2.2.1.Final.jar:/Users/sasamezo/.m2/repository/org/jboss/threads/jboss-threads/3.6.1.Final/jboss-threads-3.6.1.Final.jar:/Users/sasamezo/.m2/repository/org/slf4j/slf4j-api/2.0.6/slf4j-api-2.0.6.jar:/Users/sasamezo/.m2/repository/org/jboss/slf4j/slf4j-jboss-logmanager/2.0.0.Final/slf4j-jboss-logmanager-2.0.0.Final.jar:/Users/sasamezo/.m2/repository/org/wildfly/common/wildfly-common/1.7.0.Final/wildfly-common-1.7.0.Final.jar:/Users/sasamezo/.m2/repository/io/quarkus/quarkus-bootstrap-runner/3.12.3/quarkus-bootstrap-runner-3.12.3.jar:/Users/sasamezo/.m2/repository/io/quarkus/quarkus-fs-util/0.0.10/quarkus-fs-util-0.0.10.jar:/Users/sasamezo/.m2/repository/org/flywaydb/flyway-core/10.15.2/flyway-core-10.15.2.jar:/Users/sasamezo/.m2/repository/com/fasterxml/jackson/dataformat/jackson-dataformat-toml/2.17.2/jackson-dataformat-toml-2.17.2.jar:/Users/sasamezo/.m2/repository/com/google/code/gson/gson/2.11.0/gson-2.11.0.jar:/Users/sasamezo/.m2/repository/com/google/errorprone/error_prone_annotations/2.28.0/error_prone_annotations-2.28.0.jar:/Users/sasamezo/.m2/repository/io/quarkus/quarkus-agroal/3.12.3/quarkus-agroal-3.12.3.jar:/Users/sasamezo/.m2/repository/io/quarkus/quarkus-datasource/3.12.3/quarkus-datasource-3.12.3.jar:/Users/sasamezo/.m2/repository/io/agroal/agroal-api/2.4/agroal-api-2.4.jar:/Users/sasamezo/.m2/repository/io/agroal/agroal-narayana/2.4/agroal-narayana-2.4.jar:/Users/sasamezo/.m2/repository/org/jboss/jboss-transaction-spi/8.0.0.Final/jboss-transaction-spi-8.0.0.Final.jar:/Users/sasamezo/.m2/repository/io/agroal/agroal-pool/2.4/agroal-pool-2.4.jar:/Users/sasamezo/.m2/repository/io/quarkus/quarkus-credentials/3.12.3/quarkus-credentials-3.12.3.jar:/Users/sasamezo/.m2/repository/io/quarkus/quarkus-narayana-jta/3.12.3/quarkus-narayana-jta-3.12.3.jar:/Users/sasamezo/.m2/repository/io/quarkus/quarkus-transaction-annotations/3.12.3/quarkus-transaction-annotations-3.12.3.jar:/Users/sasamezo/.m2/repository/io/smallrye/smallrye-context-propagation-jta/2.1.2/smallrye-context-propagation-jta-2.1.2.jar:/Users/sasamezo/.m2/repository/io/smallrye/reactive/smallrye-reactive-converter-api/3.0.1/smallrye-reactive-converter-api-3.0.1.jar:/Users/sasamezo/.m2/repository/org/reactivestreams/reactive-streams/1.0.4/reactive-streams-1.0.4.jar:/Users/sasamezo/.m2/repository/io/smallrye/reactive/smallrye-reactive-converter-mutiny/3.0.1/smallrye-reactive-converter-mutiny-3.0.1.jar:/Users/sasamezo/.m2/repository/io/smallrye/reactive/mutiny-zero-flow-adapters/1.1.0/mutiny-zero-flow-adapters-1.1.0.jar:/Users/sasamezo/.m2/repository/org/jboss/narayana/jta/narayana-jta/7.0.2.Final/narayana-jta-7.0.2.Final.jar:/Users/sasamezo/.m2/repository/jakarta/resource/jakarta.resource-api/2.1.0/jakarta.resource-api-2.1.0.jar:/Users/sasamezo/.m2/repository/org/jboss/invocation/jboss-invocation/2.0.0.Final/jboss-invocation-2.0.0.Final.jar:/Users/sasamezo/.m2/repository/org/eclipse/microprofile/reactive-streams-operators/microprofile-reactive-streams-operators-api/3.0/microprofile-reactive-streams-operators-api-3.0.jar:/Users/sasamezo/.m2/repository/org/jboss/narayana/jts/narayana-jts-integration/7.0.2.Final/narayana-jts-integration-7.0.2.Final.jar:/Users/sasamezo/.m2/repository/io/quarkus/quarkus-datasource-common/3.12.3/quarkus-datasource-common-3.12.3.jar:/Users/sasamezo/.m2/repository/io/quarkus/quarkus-smallrye-jwt/3.12.3/quarkus-smallrye-jwt-3.12.3.jar:/Users/sasamezo/.m2/repository/io/smallrye/smallrye-jwt/4.5.2/smallrye-jwt-4.5.2.jar:/Users/sasamezo/.m2/repository/org/eclipse/microprofile/config/microprofile-config-api/3.1/microprofile-config-api-3.1.jar:/Users/sasamezo/.m2/repository/org/eclipse/microprofile/jwt/microprofile-jwt-auth-api/2.1/microprofile-jwt-auth-api-2.1.jar:/Users/sasamezo/.m2/repository/org/bitbucket/b_c/jose4j/0.9.6/jose4j-0.9.6.jar:/Users/sasamezo/.m2/repository/io/smallrye/smallrye-jwt-common/4.5.2/smallrye-jwt-common-4.5.2.jar:/Users/sasamezo/.m2/repository/jakarta/annotation/jakarta.annotation-api/3.0.0/jakarta.annotation-api-3.0.0.jar:/Users/sasamezo/.m2/repository/io/quarkus/quarkus-vertx-http/3.12.3/quarkus-vertx-http-3.12.3.jar:/Users/sasamezo/.m2/repository/io/quarkus/quarkus-security-runtime-spi/3.12.3/quarkus-security-runtime-spi-3.12.3.jar:/Users/sasamezo/.m2/repository/io/smallrye/common/smallrye-common-vertx-context/2.3.0/smallrye-common-vertx-context-2.3.0.jar:/Users/sasamezo/.m2/repository/io/quarkus/security/quarkus-security/2.1.0/quarkus-security-2.1.0.jar:/Users/sasamezo/.m2/repository/io/smallrye/reactive/smallrye-mutiny-vertx-web/3.12.0/smallrye-mutiny-vertx-web-3.12.0.jar:/Users/sasamezo/.m2/repository/io/smallrye/reactive/smallrye-mutiny-vertx-web-common/3.12.0/smallrye-mutiny-vertx-web-common-3.12.0.jar:/Users/sasamezo/.m2/repository/io/smallrye/reactive/smallrye-mutiny-vertx-auth-common/3.12.0/smallrye-mutiny-vertx-auth-common-3.12.0.jar:/Users/sasamezo/.m2/repository/io/smallrye/reactive/smallrye-mutiny-vertx-bridge-common/3.12.0/smallrye-mutiny-vertx-bridge-common-3.12.0.jar:/Users/sasamezo/.m2/repository/io/smallrye/reactive/smallrye-mutiny-vertx-uri-template/3.12.0/smallrye-mutiny-vertx-uri-template-3.12.0.jar:/Users/sasamezo/.m2/repository/io/vertx/vertx-uri-template/4.5.7/vertx-uri-template-4.5.7.jar:/Users/sasamezo/.m2/repository/io/vertx/vertx-web/4.5.7/vertx-web-4.5.7.jar:/Users/sasamezo/.m2/repository/io/vertx/vertx-web-common/4.5.7/vertx-web-common-4.5.7.jar:/Users/sasamezo/.m2/repository/io/vertx/vertx-auth-common/4.5.7/vertx-auth-common-4.5.7.jar:/Users/sasamezo/.m2/repository/io/vertx/vertx-bridge-common/4.5.7/vertx-bridge-common-4.5.7.jar:/Users/sasamezo/.m2/repository/io/github/crac/org-crac/0.1.3/org-crac-0.1.3.jar:/Users/sasamezo/.m2/repository/io/quarkus/quarkus-security/3.12.3/quarkus-security-3.12.3.jar:/Users/sasamezo/.m2/repository/jakarta/interceptor/jakarta.interceptor-api/2.2.0/jakarta.interceptor-api-2.2.0.jar:/Users/sasamezo/.m2/repository/io/quarkus/quarkus-smallrye-jwt-build/3.12.3/quarkus-smallrye-jwt-build-3.12.3.jar:/Users/sasamezo/.m2/repository/io/smallrye/smallrye-jwt-build/4.5.2/smallrye-jwt-build-4.5.2.jar:/Users/sasamezo/.m2/repository/io/quarkus/quarkus-jsonp/3.12.3/quarkus-jsonp-3.12.3.jar:/Users/sasamezo/.m2/repository/org/junit/jupiter/junit-jupiter-api/5.8.1/junit-jupiter-api-5.8.1.jar:/Users/sasamezo/.m2/repository/org/opentest4j/opentest4j/1.2.0/opentest4j-1.2.0.jar:/Users/sasamezo/.m2/repository/org/junit/platform/junit-platform-commons/1.10.2/junit-platform-commons-1.10.2.jar:/Users/sasamezo/.m2/repository/org/apiguardian/apiguardian-api/1.1.2/apiguardian-api-1.1.2.jar:/Users/sasamezo/.m2/repository/org/junit/jupiter/junit-jupiter-engine/5.8.1/junit-jupiter-engine-5.8.1.jar:/Users/sasamezo/.m2/repository/org/junit/platform/junit-platform-engine/1.10.2/junit-platform-engine-1.10.2.jar:/Users/sasamezo/.m2/repository/at/favre/lib/bcrypt/0.9.0/bcrypt-0.9.0.jar:/Users/sasamezo/.m2/repository/at/favre/lib/bytes/1.3.0/bytes-1.3.0.jar:/Users/sasamezo/.m2/repository/io/quarkus/quarkus-smallrye-openapi/3.12.3/quarkus-smallrye-openapi-3.12.3.jar:/Users/sasamezo/.m2/repository/io/smallrye/smallrye-open-api-core/3.10.0/smallrye-open-api-core-3.10.0.jar:/Users/sasamezo/.m2/repository/org/eclipse/microprofile/openapi/microprofile-openapi-api/3.1.1/microprofile-openapi-api-3.1.1.jar:/Users/sasamezo/.m2/repository/com/fasterxml/jackson/core/jackson-core/2.17.2/jackson-core-2.17.2.jar:/Users/sasamezo/.m2/repository/com/fasterxml/jackson/dataformat/jackson-dataformat-yaml/2.17.2/jackson-dataformat-yaml-2.17.2.jar:/Users/sasamezo/.m2/repository/org/yaml/snakeyaml/2.2/snakeyaml-2.2.jar:/Users/sasamezo/.m2/repository/io/smallrye/jandex/3.2.0/jandex-3.2.0.jar:/Users/sasamezo/.m2/repository/io/quarkus/quarkus-swagger-ui/3.12.3/quarkus-swagger-ui-3.12.3.jar:/Users/sasamezo/.m2/repository/io/quarkus/quarkus-rest-jsonb/3.12.3/quarkus-rest-jsonb-3.12.3.jar:/Users/sasamezo/.m2/repository/io/quarkus/resteasy/reactive/resteasy-reactive-jsonb/3.12.3/resteasy-reactive-jsonb-3.12.3.jar:/Users/sasamezo/.m2/repository/io/quarkus/resteasy/reactive/resteasy-reactive/3.12.3/resteasy-reactive-3.12.3.jar:/Users/sasamezo/.m2/repository/org/jboss/logging/commons-logging-jboss-logging/1.0.0.Final/commons-logging-jboss-logging-1.0.0.Final.jar:/Users/sasamezo/.m2/repository/io/quarkus/quarkus-rest-jsonb-common/3.12.3/quarkus-rest-jsonb-common-3.12.3.jar:/Users/sasamezo/.m2/repository/io/quarkus/quarkus-jsonb/3.12.3/quarkus-jsonb-3.12.3.jar:/Users/sasamezo/.m2/repository/io/quarkus/quarkus-hibernate-orm/3.12.3/quarkus-hibernate-orm-3.12.3.jar:/Users/sasamezo/.m2/repository/org/hibernate/orm/hibernate-core/6.5.2.Final/hibernate-core-6.5.2.Final.jar:/Users/sasamezo/.m2/repository/com/fasterxml/classmate/1.7.0/classmate-1.7.0.jar:/Users/sasamezo/.m2/repository/org/antlr/antlr4-runtime/4.13.0/antlr4-runtime-4.13.0.jar:/Users/sasamezo/.m2/repository/net/bytebuddy/byte-buddy/1.14.15/byte-buddy-1.14.15.jar:/Users/sasamezo/.m2/repository/org/hibernate/common/hibernate-commons-annotations/6.0.6.Final/hibernate-commons-annotations-6.0.6.Final.jar:/Users/sasamezo/.m2/repository/org/hibernate/orm/hibernate-graalvm/6.5.2.Final/hibernate-graalvm-6.5.2.Final.jar:/Users/sasamezo/.m2/repository/org/glassfish/jaxb/jaxb-runtime/4.0.5/jaxb-runtime-4.0.5.jar:/Users/sasamezo/.m2/repository/org/glassfish/jaxb/jaxb-core/4.0.5/jaxb-core-4.0.5.jar:/Users/sasamezo/.m2/repository/org/eclipse/angus/angus-activation/2.0.2/angus-activation-2.0.2.jar:/Users/sasamezo/.m2/repository/org/glassfish/jaxb/txw2/4.0.5/txw2-4.0.5.jar:/Users/sasamezo/.m2/repository/com/sun/istack/istack-commons-runtime/4.1.2/istack-commons-runtime-4.1.2.jar:/Users/sasamezo/.m2/repository/jakarta/xml/bind/jakarta.xml.bind-api/4.0.2/jakarta.xml.bind-api-4.0.2.jar:/Users/sasamezo/.m2/repository/jakarta/activation/jakarta.activation-api/2.1.3/jakarta.activation-api-2.1.3.jar:/Users/sasamezo/.m2/repository/jakarta/persistence/jakarta.persistence-api/3.1.0/jakarta.persistence-api-3.1.0.jar:/Users/sasamezo/.m2/repository/jakarta/transaction/jakarta.transaction-api/2.0.1/jakarta.transaction-api-2.0.1.jar:/Users/sasamezo/.m2/repository/org/hibernate/quarkus-local-cache/0.3.0/quarkus-local-cache-0.3.0.jar:/Users/sasamezo/.m2/repository/io/quarkus/quarkus-caffeine/3.12.3/quarkus-caffeine-3.12.3.jar:/Users/sasamezo/.m2/repository/com/github/ben-manes/caffeine/caffeine/3.1.5/caffeine-3.1.5.jar:/Users/sasamezo/.m2/repository/io/quarkus/quarkus-hibernate-orm-panache/3.12.3/quarkus-hibernate-orm-panache-3.12.3.jar:/Users/sasamezo/.m2/repository/io/quarkus/quarkus-hibernate-orm-panache-common/3.12.3/quarkus-hibernate-orm-panache-common-3.12.3.jar:/Users/sasamezo/.m2/repository/io/quarkus/quarkus-panache-hibernate-common/3.12.3/quarkus-panache-hibernate-common-3.12.3.jar:/Users/sasamezo/.m2/repository/io/quarkus/quarkus-panache-common/3.12.3/quarkus-panache-common-3.12.3.jar:/Users/sasamezo/.m2/repository/io/quarkiverse/jpastreamer/quarkus-jpastreamer/3.0.3.Final/quarkus-jpastreamer-3.0.3.Final.jar:/Users/sasamezo/.m2/repository/com/speedment/jpastreamer/jpastreamer-core/3.0.4/jpastreamer-core-3.0.4.jar:/Users/sasamezo/.m2/repository/com/speedment/jpastreamer/field/3.0.4/field-3.0.4.jar:/Users/sasamezo/.m2/repository/com/speedment/common/invariant/3.2.10/invariant-3.2.10.jar:/Users/sasamezo/.m2/repository/com/speedment/common/function/3.2.10/function-3.2.10.jar:/Users/sasamezo/.m2/repository/com/speedment/runtime/runtime-compute/3.2.10/runtime-compute-3.2.10.jar:/Users/sasamezo/.m2/repository/com/speedment/jpastreamer/application-standard/3.0.4/application-standard-3.0.4.jar:/Users/sasamezo/.m2/repository/com/speedment/jpastreamer/application/3.0.4/application-3.0.4.jar:/Users/sasamezo/.m2/repository/com/speedment/jpastreamer/projection/3.0.4/projection-3.0.4.jar:/Users/sasamezo/.m2/repository/com/speedment/jpastreamer/pipeline/3.0.4/pipeline-3.0.4.jar:/Users/sasamezo/.m2/repository/com/speedment/jpastreamer/streamconfiguration/3.0.4/streamconfiguration-3.0.4.jar:/Users/sasamezo/.m2/repository/com/speedment/jpastreamer/renderer/3.0.4/renderer-3.0.4.jar:/Users/sasamezo/.m2/repository/com/speedment/jpastreamer/builder/3.0.4/builder-3.0.4.jar:/Users/sasamezo/.m2/repository/com/speedment/jpastreamer/autoclose/3.0.4/autoclose-3.0.4.jar:/Users/sasamezo/.m2/repository/com/speedment/jpastreamer/appinfo/3.0.4/appinfo-3.0.4.jar:/Users/sasamezo/.m2/repository/com/speedment/jpastreamer/rootfactory/3.0.4/rootfactory-3.0.4.jar:/Users/sasamezo/.m2/repository/com/speedment/jpastreamer/streamconfiguration-standard/3.0.4/streamconfiguration-standard-3.0.4.jar:/Users/sasamezo/.m2/repository/com/speedment/jpastreamer/pipeline-standard/3.0.4/pipeline-standard-3.0.4.jar:/Users/sasamezo/.m2/repository/com/speedment/jpastreamer/javasixteen/3.0.4/javasixteen-3.0.4.jar:/Users/sasamezo/.m2/repository/com/speedment/jpastreamer/renderer-standard/3.0.4/renderer-standard-3.0.4.jar:/Users/sasamezo/.m2/repository/com/speedment/jpastreamer/criteria/3.0.4/criteria-3.0.4.jar:/Users/sasamezo/.m2/repository/com/speedment/jpastreamer/merger/3.0.4/merger-3.0.4.jar:/Users/sasamezo/.m2/repository/com/speedment/jpastreamer/interopoptimizer/3.0.4/interopoptimizer-3.0.4.jar:/Users/sasamezo/.m2/repository/com/speedment/jpastreamer/termopmodifier/3.0.4/termopmodifier-3.0.4.jar:/Users/sasamezo/.m2/repository/com/speedment/jpastreamer/termopoptimizer/3.0.4/termopoptimizer-3.0.4.jar:/Users/sasamezo/.m2/repository/com/speedment/jpastreamer/criteria-standard/3.0.4/criteria-standard-3.0.4.jar:/Users/sasamezo/.m2/repository/com/speedment/jpastreamer/exception/3.0.4/exception-3.0.4.jar:/Users/sasamezo/.m2/repository/com/speedment/jpastreamer/merger-standard/3.0.4/merger-standard-3.0.4.jar:/Users/sasamezo/.m2/repository/com/speedment/jpastreamer/builder-standard/3.0.4/builder-standard-3.0.4.jar:/Users/sasamezo/.m2/repository/com/speedment/jpastreamer/autoclose-standard/3.0.4/autoclose-standard-3.0.4.jar:/Users/sasamezo/.m2/repository/com/speedment/jpastreamer/interopoptimizer-standard/3.0.4/interopoptimizer-standard-3.0.4.jar:/Users/sasamezo/.m2/repository/com/speedment/jpastreamer/fieldgenerator-standard/3.0.4/fieldgenerator-standard-3.0.4.jar:/Users/sasamezo/.m2/repository/com/speedment/common/codegen/3.2.10/codegen-3.2.10.jar:/Users/sasamezo/.m2/repository/com/google/auto/service/auto-service-annotations/1.0.1/auto-service-annotations-1.0.1.jar:/Users/sasamezo/.m2/repository/com/speedment/jpastreamer/appinfo-standard/3.0.4/appinfo-standard-3.0.4.jar:/Users/sasamezo/.m2/repository/com/speedment/jpastreamer/termopmodifier-standard/3.0.4/termopmodifier-standard-3.0.4.jar:/Users/sasamezo/.m2/repository/com/speedment/jpastreamer/termopoptimizer-standard/3.0.4/termopoptimizer-standard-3.0.4.jar:/Users/sasamezo/.m2/repository/com/speedment/jpastreamer/announcer/3.0.4/announcer-3.0.4.jar:/Users/sasamezo/.m2/repository/io/quarkus/quarkus-jdbc-mysql/3.12.3/quarkus-jdbc-mysql-3.12.3.jar:/Users/sasamezo/.m2/repository/com/mysql/mysql-connector-j/8.3.0/mysql-connector-j-8.3.0.jar:/Users/sasamezo/.m2/repository/io/quarkus/quarkus-arc/3.12.3/quarkus-arc-3.12.3.jar:/Users/sasamezo/.m2/repository/io/quarkus/arc/arc/3.12.3/arc-3.12.3.jar:/Users/sasamezo/.m2/repository/io/smallrye/reactive/mutiny/2.6.0/mutiny-2.6.0.jar:/Users/sasamezo/.m2/repository/org/jctools/jctools-core/4.0.3/jctools-core-4.0.3.jar:/Users/sasamezo/.m2/repository/org/eclipse/microprofile/context-propagation/microprofile-context-propagation-api/1.3/microprofile-context-propagation-api-1.3.jar:/Users/sasamezo/.m2/repository/io/quarkus/quarkus-junit5/3.12.3/quarkus-junit5-3.12.3.jar:/Users/sasamezo/.m2/repository/io/quarkus/quarkus-bootstrap-core/3.12.3/quarkus-bootstrap-core-3.12.3.jar:/Users/sasamezo/.m2/repository/io/quarkus/quarkus-classloader-commons/3.12.3/quarkus-classloader-commons-3.12.3.jar:/Users/sasamezo/.m2/repository/io/quarkus/quarkus-bootstrap-app-model/3.12.3/quarkus-bootstrap-app-model-3.12.3.jar:/Users/sasamezo/.m2/repository/io/smallrye/common/smallrye-common-io/2.3.0/smallrye-common-io-2.3.0.jar:/Users/sasamezo/.m2/repository/org/eclipse/sisu/org.eclipse.sisu.inject/0.9.0.M3/org.eclipse.sisu.inject-0.9.0.M3.jar:/Users/sasamezo/.m2/repository/io/quarkus/quarkus-test-common/3.12.3/quarkus-test-common-3.12.3.jar:/Users/sasamezo/.m2/repository/io/quarkus/quarkus-core-deployment/3.12.3/quarkus-core-deployment-3.12.3.jar:/Users/sasamezo/.m2/repository/org/aesh/readline/2.6/readline-2.6.jar:/Users/sasamezo/.m2/repository/org/fusesource/jansi/jansi/2.4.0/jansi-2.4.0.jar:/Users/sasamezo/.m2/repository/org/aesh/aesh/2.8.2/aesh-2.8.2.jar:/Users/sasamezo/.m2/repository/org/apache/commons/commons-lang3/3.14.0/commons-lang3-3.14.0.jar:/Users/sasamezo/.m2/repository/io/quarkus/gizmo/gizmo/1.8.0/gizmo-1.8.0.jar:/Users/sasamezo/.m2/repository/org/ow2/asm/asm-util/9.7/asm-util-9.7.jar:/Users/sasamezo/.m2/repository/org/ow2/asm/asm-analysis/9.7/asm-analysis-9.7.jar:/Users/sasamezo/.m2/repository/org/ow2/asm/asm/9.7/asm-9.7.jar:/Users/sasamezo/.m2/repository/org/ow2/asm/asm-commons/9.7/asm-commons-9.7.jar:/Users/sasamezo/.m2/repository/org/ow2/asm/asm-tree/9.7/asm-tree-9.7.jar:/Users/sasamezo/.m2/repository/io/quarkus/quarkus-hibernate-validator-spi/3.12.3/quarkus-hibernate-validator-spi-3.12.3.jar:/Users/sasamezo/.m2/repository/io/quarkus/quarkus-class-change-agent/3.12.3/quarkus-class-change-agent-3.12.3.jar:/Users/sasamezo/.m2/repository/io/quarkus/quarkus-devtools-utilities/3.12.3/quarkus-devtools-utilities-3.12.3.jar:/Users/sasamezo/.m2/repository/io/quarkus/quarkus-builder/3.12.3/quarkus-builder-3.12.3.jar:/Users/sasamezo/.m2/repository/org/graalvm/sdk/nativeimage/23.1.2/nativeimage-23.1.2.jar:/Users/sasamezo/.m2/repository/org/graalvm/sdk/word/23.1.2/word-23.1.2.jar:/Users/sasamezo/.m2/repository/org/junit/platform/junit-platform-launcher/1.10.2/junit-platform-launcher-1.10.2.jar:/Users/sasamezo/.m2/repository/io/quarkus/quarkus-bootstrap-maven-resolver/3.12.3/quarkus-bootstrap-maven-resolver-3.12.3.jar:/Users/sasamezo/.m2/repository/io/smallrye/beanbag/smallrye-beanbag-maven/1.5.2/smallrye-beanbag-maven-1.5.2.jar:/Users/sasamezo/.m2/repository/io/smallrye/beanbag/smallrye-beanbag-sisu/1.5.2/smallrye-beanbag-sisu-1.5.2.jar:/Users/sasamezo/.m2/repository/io/smallrye/beanbag/smallrye-beanbag/1.5.2/smallrye-beanbag-1.5.2.jar:/Users/sasamezo/.m2/repository/commons-codec/commons-codec/1.17.0/commons-codec-1.17.0.jar:/Users/sasamezo/.m2/repository/javax/inject/javax.inject/1/javax.inject-1.jar:/Users/sasamezo/.m2/repository/org/apache/httpcomponents/httpclient/4.5.14/httpclient-4.5.14.jar:/Users/sasamezo/.m2/repository/org/apache/httpcomponents/httpcore/4.4.16/httpcore-4.4.16.jar:/Users/sasamezo/.m2/repository/org/apache/maven/maven-artifact/3.9.8/maven-artifact-3.9.8.jar:/Users/sasamezo/.m2/repository/org/apache/maven/maven-builder-support/3.9.8/maven-builder-support-3.9.8.jar:/Users/sasamezo/.m2/repository/org/apache/maven/maven-model/3.9.8/maven-model-3.9.8.jar:/Users/sasamezo/.m2/repository/org/apache/maven/maven-model-builder/3.9.8/maven-model-builder-3.9.8.jar:/Users/sasamezo/.m2/repository/org/apache/maven/maven-repository-metadata/3.9.8/maven-repository-metadata-3.9.8.jar:/Users/sasamezo/.m2/repository/org/apache/maven/maven-settings/3.9.8/maven-settings-3.9.8.jar:/Users/sasamezo/.m2/repository/org/apache/maven/resolver/maven-resolver-api/1.9.20/maven-resolver-api-1.9.20.jar:/Users/sasamezo/.m2/repository/org/apache/maven/resolver/maven-resolver-impl/1.9.20/maven-resolver-impl-1.9.20.jar:/Users/sasamezo/.m2/repository/org/apache/maven/resolver/maven-resolver-named-locks/1.9.20/maven-resolver-named-locks-1.9.20.jar:/Users/sasamezo/.m2/repository/org/apache/maven/resolver/maven-resolver-spi/1.9.20/maven-resolver-spi-1.9.20.jar:/Users/sasamezo/.m2/repository/org/apache/maven/resolver/maven-resolver-util/1.9.20/maven-resolver-util-1.9.20.jar:/Users/sasamezo/.m2/repository/org/apache/maven/resolver/maven-resolver-transport-http/1.9.20/maven-resolver-transport-http-1.9.20.jar:/Users/sasamezo/.m2/repository/org/apache/maven/wagon/wagon-provider-api/3.5.3/wagon-provider-api-3.5.3.jar:/Users/sasamezo/.m2/repository/org/apache/maven/wagon/wagon-http-shared/3.5.3/wagon-http-shared-3.5.3.jar:/Users/sasamezo/.m2/repository/org/codehaus/plexus/plexus-interpolation/1.26/plexus-interpolation-1.26.jar:/Users/sasamezo/.m2/repository/org/codehaus/plexus/plexus-utils/3.5.1/plexus-utils-3.5.1.jar:/Users/sasamezo/.m2/repository/org/codehaus/plexus/plexus-xml/4.0.1/plexus-xml-4.0.1.jar:/Users/sasamezo/.m2/repository/org/apache/maven/maven-xml-impl/4.0.0-alpha-5/maven-xml-impl-4.0.0-alpha-5.jar:/Users/sasamezo/.m2/repository/org/apache/maven/maven-api-xml/4.0.0-alpha-5/maven-api-xml-4.0.0-alpha-5.jar:/Users/sasamezo/.m2/repository/org/apache/maven/maven-api-meta/4.0.0-alpha-5/maven-api-meta-4.0.0-alpha-5.jar:/Users/sasamezo/.m2/repository/org/codehaus/plexus/plexus-cipher/2.0/plexus-cipher-2.0.jar:/Users/sasamezo/.m2/repository/org/codehaus/plexus/plexus-sec-dispatcher/2.0/plexus-sec-dispatcher-2.0.jar:/Users/sasamezo/.m2/repository/org/apache/maven/maven-embedder/3.9.8/maven-embedder-3.9.8.jar:/Users/sasamezo/.m2/repository/org/apache/maven/maven-core/3.9.8/maven-core-3.9.8.jar:/Users/sasamezo/.m2/repository/org/codehaus/plexus/plexus-component-annotations/2.1.0/plexus-component-annotations-2.1.0.jar:/Users/sasamezo/.m2/repository/org/apache/maven/maven-plugin-api/3.9.8/maven-plugin-api-3.9.8.jar:/Users/sasamezo/.m2/repository/org/apache/maven/shared/maven-shared-utils/3.4.2/maven-shared-utils-3.4.2.jar:/Users/sasamezo/.m2/repository/com/google/inject/guice/5.1.0/guice-5.1.0.jar:/Users/sasamezo/.m2/repository/aopalliance/aopalliance/1.0/aopalliance-1.0.jar:/Users/sasamezo/.m2/repository/com/google/guava/guava/33.2.1-jre/guava-33.2.1-jre.jar:/Users/sasamezo/.m2/repository/com/google/guava/failureaccess/1.0.1/failureaccess-1.0.1.jar:/Users/sasamezo/.m2/repository/javax/annotation/javax.annotation-api/1.3.2/javax.annotation-api-1.3.2.jar:/Users/sasamezo/.m2/repository/org/codehaus/plexus/plexus-classworlds/2.6.0/plexus-classworlds-2.6.0.jar:/Users/sasamezo/.m2/repository/commons-cli/commons-cli/1.8.0/commons-cli-1.8.0.jar:/Users/sasamezo/.m2/repository/org/eclipse/sisu/org.eclipse.sisu.plexus/0.9.0.M3/org.eclipse.sisu.plexus-0.9.0.M3.jar:/Users/sasamezo/.m2/repository/org/apache/maven/maven-settings-builder/3.9.8/maven-settings-builder-3.9.8.jar:/Users/sasamezo/.m2/repository/org/apache/maven/maven-resolver-provider/3.9.8/maven-resolver-provider-3.9.8.jar:/Users/sasamezo/.m2/repository/org/apache/maven/resolver/maven-resolver-connector-basic/1.9.20/maven-resolver-connector-basic-1.9.20.jar:/Users/sasamezo/.m2/repository/org/apache/maven/resolver/maven-resolver-transport-wagon/1.9.20/maven-resolver-transport-wagon-1.9.20.jar:/Users/sasamezo/.m2/repository/org/apache/maven/wagon/wagon-http/3.5.3/wagon-http-3.5.3.jar:/Users/sasamezo/.m2/repository/org/apache/maven/wagon/wagon-file/3.5.3/wagon-file-3.5.3.jar:/Users/sasamezo/.m2/repository/io/quarkus/quarkus-bootstrap-gradle-resolver/3.12.3/quarkus-bootstrap-gradle-resolver-3.12.3.jar:/Users/sasamezo/.m2/repository/commons-io/commons-io/2.16.1/commons-io-2.16.1.jar:/Users/sasamezo/.m2/repository/io/quarkus/quarkus-junit5-properties/3.12.3/quarkus-junit5-properties-3.12.3.jar:/Users/sasamezo/.m2/repository/org/junit/jupiter/junit-jupiter/5.10.2/junit-jupiter-5.10.2.jar:/Users/sasamezo/.m2/repository/org/junit/jupiter/junit-jupiter-params/5.10.2/junit-jupiter-params-5.10.2.jar:/Users/sasamezo/.m2/repository/com/thoughtworks/xstream/xstream/1.4.20/xstream-1.4.20.jar:/Users/sasamezo/.m2/repository/io/github/x-stream/mxparser/1.2.2/mxparser-1.2.2.jar:/Users/sasamezo/.m2/repository/xmlpull/xmlpull/1.1.3.1/xmlpull-1.1.3.1.jar:/Users/sasamezo/.m2/repository/org/projectlombok/lombok/1.18.30/lombok-1.18.30.jar:/Users/sasamezo/.m2/repository/io/quarkus/quarkus-spring-data-jpa/3.12.3/quarkus-spring-data-jpa-3.12.3.jar:/Users/sasamezo/.m2/repository/io/quarkus/quarkus-spring-data-jpa-api/3.2.SP2/quarkus-spring-data-jpa-api-3.2.SP2.jar:/Users/sasamezo/.m2/repository/io/quarkus/quarkus-spring-di/3.12.3/quarkus-spring-di-3.12.3.jar:/Users/sasamezo/.m2/repository/io/quarkus/quarkus-spring-beans-api/6.1.SP2/quarkus-spring-beans-api-6.1.SP2.jar:/Users/sasamezo/.m2/repository/io/quarkus/quarkus-spring-data-commons-api/3.2.SP2/quarkus-spring-data-commons-api-3.2.SP2.jar:/Users/sasamezo/.m2/repository/io/quarkus/quarkus-spring-context-api/6.1.SP2/quarkus-spring-context-api-6.1.SP2.jar:/Users/sasamezo/.m2/repository/io/quarkus/quarkus-spring-core-api/6.1.SP2/quarkus-spring-core-api-6.1.SP2.jar:/Users/sasamezo/.m2/repository/io/quarkus/quarkus-spring-aop-api/6.1.SP2/quarkus-spring-aop-api-6.1.SP2.jar:/Users/sasamezo/.m2/repository/io/quarkus/quarkus-spring-boot-orm-api/3.2/quarkus-spring-boot-orm-api-3.2.jar:/Users/sasamezo/.m2/repository/io/quarkus/quarkus-rest/3.12.3/quarkus-rest-3.12.3.jar:/Users/sasamezo/.m2/repository/io/quarkus/quarkus-rest-common/3.12.3/quarkus-rest-common-3.12.3.jar:/Users/sasamezo/.m2/repository/io/quarkus/resteasy/reactive/resteasy-reactive-common/3.12.3/resteasy-reactive-common-3.12.3.jar:/Users/sasamezo/.m2/repository/io/quarkus/resteasy/reactive/resteasy-reactive-common-types/3.12.3/resteasy-reactive-common-types-3.12.3.jar:/Users/sasamezo/.m2/repository/io/quarkus/resteasy/reactive/resteasy-reactive-vertx/3.12.3/resteasy-reactive-vertx-3.12.3.jar:/Users/sasamezo/.m2/repository/io/smallrye/reactive/smallrye-mutiny-vertx-core/3.12.0/smallrye-mutiny-vertx-core-3.12.0.jar:/Users/sasamezo/.m2/repository/io/smallrye/reactive/smallrye-mutiny-vertx-runtime/3.12.0/smallrye-mutiny-vertx-runtime-3.12.0.jar:/Users/sasamezo/.m2/repository/io/smallrye/reactive/vertx-mutiny-generator/3.12.0/vertx-mutiny-generator-3.12.0.jar:/Users/sasamezo/.m2/repository/io/vertx/vertx-codegen/4.5.7/vertx-codegen-4.5.7.jar:/Users/sasamezo/.m2/repository/io/quarkus/vertx/utils/quarkus-vertx-utils/3.12.3/quarkus-vertx-utils-3.12.3.jar:/Users/sasamezo/.m2/repository/jakarta/ws/rs/jakarta.ws.rs-api/3.1.0/jakarta.ws.rs-api-3.1.0.jar:/Users/sasamezo/.m2/repository/io/quarkus/quarkus-virtual-threads/3.12.3/quarkus-virtual-threads-3.12.3.jar:/Users/sasamezo/.m2/repository/io/vertx/vertx-core/4.5.7/vertx-core-4.5.7.jar:/Users/sasamezo/.m2/repository/io/netty/netty-common/4.1.108.Final/netty-common-4.1.108.Final.jar:/Users/sasamezo/.m2/repository/io/netty/netty-buffer/4.1.108.Final/netty-buffer-4.1.108.Final.jar:/Users/sasamezo/.m2/repository/io/netty/netty-transport/4.1.108.Final/netty-transport-4.1.108.Final.jar:/Users/sasamezo/.m2/repository/io/netty/netty-handler/4.1.108.Final/netty-handler-4.1.108.Final.jar:/Users/sasamezo/.m2/repository/io/netty/netty-transport-native-unix-common/4.1.108.Final/netty-transport-native-unix-common-4.1.108.Final.jar:/Users/sasamezo/.m2/repository/io/netty/netty-handler-proxy/4.1.108.Final/netty-handler-proxy-4.1.108.Final.jar:/Users/sasamezo/.m2/repository/io/netty/netty-codec-socks/4.1.108.Final/netty-codec-socks-4.1.108.Final.jar:/Users/sasamezo/.m2/repository/io/netty/netty-codec-http/4.1.108.Final/netty-codec-http-4.1.108.Final.jar:/Users/sasamezo/.m2/repository/io/netty/netty-codec-http2/4.1.108.Final/netty-codec-http2-4.1.108.Final.jar:/Users/sasamezo/.m2/repository/io/netty/netty-resolver/4.1.108.Final/netty-resolver-4.1.108.Final.jar:/Users/sasamezo/.m2/repository/io/netty/netty-resolver-dns/4.1.108.Final/netty-resolver-dns-4.1.108.Final.jar:/Users/sasamezo/.m2/repository/io/netty/netty-codec-dns/4.1.108.Final/netty-codec-dns-4.1.108.Final.jar:/Users/sasamezo/.m2/repository/io/jsonwebtoken/jjwt-api/0.11.5/jjwt-api-0.11.5.jar:/Users/sasamezo/.m2/repository/io/jsonwebtoken/jjwt-impl/0.11.5/jjwt-impl-0.11.5.jar:/Users/sasamezo/.m2/repository/io/jsonwebtoken/jjwt-jackson/0.11.5/jjwt-jackson-0.11.5.jar:/Users/sasamezo/.m2/repository/com/fasterxml/jackson/core/jackson-databind/2.17.2/jackson-databind-2.17.2.jar:/Users/sasamezo/.m2/repository/com/fasterxml/jackson/core/jackson-annotations/2.17.2/jackson-annotations-2.17.2.jar:/Users/sasamezo/.m2/repository/com/sun/mail/javax.mail/1.6.2/javax.mail-1.6.2.jar:/Users/sasamezo/.m2/repository/javax/activation/activation/1.1/activation-1.1.jar:/Users/sasamezo/.m2/repository/io/quarkus/quarkus-mailer/3.12.3/quarkus-mailer-3.12.3.jar:/Users/sasamezo/.m2/repository/io/quarkus/quarkus-vertx/3.12.3/quarkus-vertx-3.12.3.jar:/Users/sasamezo/.m2/repository/io/quarkus/quarkus-netty/3.12.3/quarkus-netty-3.12.3.jar:/Users/sasamezo/.m2/repository/io/netty/netty-codec/4.1.108.Final/netty-codec-4.1.108.Final.jar:/Users/sasamezo/.m2/repository/com/aayushatharva/brotli4j/brotli4j/1.16.0/brotli4j-1.16.0.jar:/Users/sasamezo/.m2/repository/com/aayushatharva/brotli4j/service/1.16.0/service-1.16.0.jar:/Users/sasamezo/.m2/repository/com/aayushatharva/brotli4j/native-osx-aarch64/1.16.0/native-osx-aarch64-1.16.0.jar:/Users/sasamezo/.m2/repository/io/netty/netty-codec-haproxy/4.1.108.Final/netty-codec-haproxy-4.1.108.Final.jar:/Users/sasamezo/.m2/repository/io/smallrye/common/smallrye-common-annotation/2.3.0/smallrye-common-annotation-2.3.0.jar:/Users/sasamezo/.m2/repository/io/quarkus/quarkus-vertx-latebound-mdc-provider/3.12.3/quarkus-vertx-latebound-mdc-provider-3.12.3.jar:/Users/sasamezo/.m2/repository/io/smallrye/smallrye-fault-tolerance-vertx/6.3.0/smallrye-fault-tolerance-vertx-6.3.0.jar:/Users/sasamezo/.m2/repository/io/quarkus/quarkus-tls-registry/3.12.3/quarkus-tls-registry-3.12.3.jar:/Users/sasamezo/.m2/repository/io/quarkus/quarkus-qute/3.12.3/quarkus-qute-3.12.3.jar:/Users/sasamezo/.m2/repository/io/quarkus/qute/qute-core/3.12.3/qute-core-3.12.3.jar:/Users/sasamezo/.m2/repository/io/quarkus/quarkus-mutiny/3.12.3/quarkus-mutiny-3.12.3.jar:/Users/sasamezo/.m2/repository/io/quarkus/quarkus-smallrye-context-propagation/3.12.3/quarkus-smallrye-context-propagation-3.12.3.jar:/Users/sasamezo/.m2/repository/io/smallrye/smallrye-context-propagation/2.1.2/smallrye-context-propagation-2.1.2.jar:/Users/sasamezo/.m2/repository/io/smallrye/smallrye-context-propagation-api/2.1.2/smallrye-context-propagation-api-2.1.2.jar:/Users/sasamezo/.m2/repository/io/smallrye/smallrye-context-propagation-storage/2.1.2/smallrye-context-propagation-storage-2.1.2.jar:/Users/sasamezo/.m2/repository/io/smallrye/reactive/mutiny-smallrye-context-propagation/2.6.0/mutiny-smallrye-context-propagation-2.6.0.jar:/Users/sasamezo/.m2/repository/io/smallrye/reactive/smallrye-mutiny-vertx-mail-client/3.12.0/smallrye-mutiny-vertx-mail-client-3.12.0.jar:/Users/sasamezo/.m2/repository/io/vertx/vertx-mail-client/4.5.7/vertx-mail-client-4.5.7.jar:"/>
    <property name="sun.cpu.endian" value="little"/>
    <property name="user.home" value="/Users/sasamezo"/>
    <property name="user.language" value="en"/>
    <property name="java.specification.vendor" value="Oracle Corporation"/>
    <property name="java.version.date" value="2024-01-16"/>
    <property name="java.home" value="/opt/homebrew/Cellar/openjdk/21.0.2/libexec/openjdk.jdk/Contents/Home"/>
    <property name="file.separator" value="/"/>
    <property name="basedir" value="/Users/sasamezo/Documents/TimelessArtFolder/Backend/TimelessArt_Backend/timelessArt"/>
    <property name="java.vm.compressedOopsMode" value="Zero based"/>
    <property name="line.separator" value="&#10;"/>
    <property name="java.vm.specification.vendor" value="Oracle Corporation"/>
    <property name="java.specification.name" value="Java Platform API Specification"/>
    <property name="apple.awt.application.name" value="ForkedBooter"/>
    <property name="surefire.real.class.path" value="/Users/sasamezo/Documents/TimelessArtFolder/Backend/TimelessArt_Backend/timelessArt/target/surefire/surefirebooter-20240816145614377_3.jar"/>
    <property name="sun.management.compiler" value="HotSpot 64-Bit Tiered Compilers"/>
    <property name="ftp.nonProxyHosts" value="local|*.local|169.254/16|*.169.254/16"/>
    <property name="java.runtime.version" value="21.0.2"/>
    <property name="user.name" value="sasamezo"/>
    <property name="stdout.encoding" value="UTF-8"/>
    <property name="path.separator" value=":"/>
    <property name="os.version" value="14.4"/>
    <property name="java.runtime.name" value="OpenJDK Runtime Environment"/>
    <property name="file.encoding" value="UTF-8"/>
    <property name="java.vm.name" value="OpenJDK 64-Bit Server VM"/>
    <property name="java.vendor.version" value="Homebrew"/>
    <property name="localRepository" value="/Users/sasamezo/.m2/repository"/>
    <property name="java.vendor.url.bug" value="https://github.com/Homebrew/homebrew-core/issues"/>
    <property name="java.io.tmpdir" value="/var/folders/vk/v62fxfk532scspkp7dtxkqm40000gn/T/"/>
    <property name="java.version" value="21.0.2"/>
    <property name="user.dir" value="/Users/sasamezo/Documents/TimelessArtFolder/Backend/TimelessArt_Backend/timelessArt"/>
    <property name="os.arch" value="aarch64"/>
    <property name="java.vm.specification.name" value="Java Virtual Machine Specification"/>
    <property name="native.encoding" value="UTF-8"/>
    <property name="java.util.logging.manager" value="org.jboss.logmanager.LogManager"/>
    <property name="java.library.path" value="/Users/sasamezo/Library/Java/Extensions:/Library/Java/Extensions:/Network/Library/Java/Extensions:/System/Library/Java/Extensions:/usr/lib/java:."/>
    <property name="java.vm.info" value="mixed mode, sharing"/>
    <property name="stderr.encoding" value="UTF-8"/>
    <property name="java.vendor" value="Homebrew"/>
    <property name="java.vm.version" value="21.0.2"/>
    <property name="sun.io.unicode.encoding" value="UnicodeBig"/>
    <property name="socksNonProxyHosts" value="local|*.local|169.254/16|*.169.254/16"/>
    <property name="java.class.version" value="65.0"/>
  </properties>
  <testcase name="testValidPasswords" classname="validation.PasswordValidatorTest" time="0.001"/>
  <testcase name="testInvalidPasswords" classname="validation.PasswordValidatorTest" time="0.001"/>
</testsuite>